Added Component: Designator=P1(HDR1X6)
Add component (AddParameter): Name = "LatestRevisionDate"; Value = "17-Jul-2002"; VariantName = "[No Variations]"
Add component (AddParameter): Name = "LatestRevisionNote"; Value = "Re-released for DXP Platform."; VariantName = "[No Variations]"
Add component (AddParameter): Name = "Publisher"; Value = "Altium Limited"; VariantName = "[No Variations]"
Added Component: Designator=U1(DIP-4)
Add component (AddParameter): Name = "DatasheetVersion"; Value = "Nov-2003"; VariantName = "[No Variations]"
Add component (AddParameter): Name = "LatestRevisionDate"; Value = "04-Mar-2005"; VariantName = "[No Variations]"
Add component (AddParameter): Name = "LatestRevisionNote"; Value = "Sch pins 3 & 4 Swapped."; VariantName = "[No Variations]"
Add component (AddParameter): Name = "PackageReference"; Value = "DIP-4"; VariantName = "[No Variations]"
Add component (AddParameter): Name = "Published"; Value = "24-Mar-1999"; VariantName = "[No Variations]"
Add component (AddParameter): Name = "Publisher"; Value = "Altium Limited"; VariantName = "[No Variations]"
Added Component: Designator=U2(DIP-4)
Add component (AddParameter): Name = "DatasheetVersion"; Value = "Nov-2003"; VariantName = "[No Variations]"
Add component (AddParameter): Name = "LatestRevisionDate"; Value = "04-Mar-2005"; VariantName = "[No Variations]"
Add component (AddParameter): Name = "LatestRevisionNote"; Value = "Sch pins 3 & 4 Swapped."; VariantName = "[No Variations]"
Add component (AddParameter): Name = "PackageReference"; Value = "DIP-4"; VariantName = "[No Variations]"
Add component (AddParameter): Name = "Published"; Value = "24-Mar-1999"; VariantName = "[No Variations]"
Add component (AddParameter): Name = "Publisher"; Value = "Altium Limited"; VariantName = "[No Variations]"
Added Component: Designator=U3(DIP-4)
Add component (AddParameter): Name = "DatasheetVersion"; Value = "Nov-2003"; VariantName = "[No Variations]"
Add component (AddParameter): Name = "LatestRevisionDate"; Value = "04-Mar-2005"; VariantName = "[No Variations]"
Add component (AddParameter): Name = "LatestRevisionNote"; Value = "Sch pins 3 & 4 Swapped."; VariantName = "[No Variations]"
Add component (AddParameter): Name = "PackageReference"; Value = "DIP-4"; VariantName = "[No Variations]"
Add component (AddParameter): Name = "Published"; Value = "24-Mar-1999"; VariantName = "[No Variations]"
Add component (AddParameter): Name = "Publisher"; Value = "Altium Limited"; VariantName = "[No Variations]"
Added Pin To Net: NetName=GND Pin=P1-3
Added Pin To Net: NetName=GND Pin=U1-2
Added Pin To Net: NetName=GND Pin=U1-3
Added Pin To Net: NetName=GND Pin=U2-2
Added Pin To Net: NetName=GND Pin=U2-3
Added Pin To Net: NetName=GND Pin=U3-2
Added Pin To Net: NetName=GND Pin=U3-3
Added Net: Name=GND
Added Net: Name=NetBR1_1
Added Net: Name=NetBR1_2
Added Net: Name=NetBR1_3
Added Net: Name=NetD1_2
Added Net: Name=NetJP1_1
Added Net: Name=NetJP1_2
Added Net: Name=NetJP2_1
Added Net: Name=NetJP2_2
Added Net: Name=NetJP3_1
Added Net: Name=NetJP3_2
Added Net: Name=NetLED1_1
Added Pin To Net: NetName=NetRL1_4 Pin=U1-4
Added Net: Name=NetRL1_4
Added Pin To Net: NetName=NetRL2_4 Pin=U2-4
Added Net: Name=NetRL2_4
Added Pin To Net: NetName=NetRL3_4 Pin=U3-4
Added Net: Name=NetRL3_4
Added Pin To Net: NetName=PTB0 Pin=U2-1
Added Net: Name=PTB0
Added Pin To Net: NetName=PTB1 Pin=U1-1
Added Net: Name=PTB1
Added Net: Name=PTD4
Added Net: Name=PTD5
Added Pin To Net: NetName=PTD6 Pin=U3-1
Added Net: Name=PTD6
Added Pin To Net: NetName=RX CHIP Pin=P1-4
Added Net: Name=RX CHIP
Added Pin To Net: NetName=RXD Pin=P1-5
Added Net: Name=RXD
Added Pin To Net: NetName=VCC Pin=P1-2
Added Net: Name=VCC
Added Class: Name=Sheet2
Added Room: Name=Sheet2
