Removed Pin From Net: NetName=DATA Pin=Battery-2
Removed Pin From Net: NetName=DATA Pin=BR1-4
Removed Pin From Net: NetName=DATA Pin=BT1-2
Removed Pin From Net: NetName=DATA Pin=BT1-2
Removed Pin From Net: NetName=DATA Pin=BT2-2
Removed Pin From Net: NetName=DATA Pin=BT2-2
Removed Pin From Net: NetName=DATA Pin=BT3-2
Removed Pin From Net: NetName=DATA Pin=BT3-2
Removed Pin From Net: NetName=DATA Pin=C1-2
Removed Pin From Net: NetName=DATA Pin=C2-2
Removed Pin From Net: NetName=DATA Pin=D1-1
Removed Pin From Net: NetName=DATA Pin=HD1-11
Removed Pin From Net: NetName=DATA Pin=HD1-13
Removed Pin From Net: NetName=DATA Pin=HD1-15
Removed Pin From Net: NetName=DATA Pin=HD2-7
Removed Pin From Net: NetName=DATA Pin=HD2-9
Removed Pin From Net: NetName=DATA Pin=HD2-11
Removed Pin From Net: NetName=DATA Pin=IC1-8
Removed Pin From Net: NetName=DATA Pin=IC1-9
Removed Pin From Net: NetName=DATA Pin=IC1-11
Removed Pin From Net: NetName=DATA Pin=IC1-12
Removed Pin From Net: NetName=DATA Pin=IC1-13
Removed Pin From Net: NetName=DATA Pin=IC1-14
Removed Pin From Net: NetName=DATA Pin=IC2-8
Removed Pin From Net: NetName=DATA Pin=IC2-11
Removed Pin From Net: NetName=DATA Pin=IC2-12
Removed Pin From Net: NetName=DATA Pin=IC2-13
Removed Pin From Net: NetName=DATA Pin=IC3-8
Removed Pin From Net: NetName=DATA Pin=IC3-11
Removed Pin From Net: NetName=DATA Pin=IC3-12
Removed Pin From Net: NetName=DATA Pin=IC3-13
Removed Pin From Net: NetName=DATA Pin=IC4-8
Removed Pin From Net: NetName=DATA Pin=IC4-11
Removed Pin From Net: NetName=DATA Pin=IC4-12
Removed Pin From Net: NetName=DATA Pin=IC4-13
Removed Pin From Net: NetName=DATA Pin=IC4-14
Removed Pin From Net: NetName=DATA Pin=IC5-8
Removed Pin From Net: NetName=DATA Pin=IC5-11
Removed Pin From Net: NetName=DATA Pin=IC5-12
Removed Pin From Net: NetName=DATA Pin=IC5-13
Removed Pin From Net: NetName=DATA Pin=IC6-8
Removed Pin From Net: NetName=DATA Pin=IC6-11
Removed Pin From Net: NetName=DATA Pin=IC6-12
Removed Pin From Net: NetName=DATA Pin=IC6-13
Removed Pin From Net: NetName=DATA Pin=IC7-4
Removed Pin From Net: NetName=DATA Pin=LED1-2
Removed Pin From Net: NetName=DATA Pin=P1-3
Removed Pin From Net: NetName=DATA Pin=U1-3
Removed Pin From Net: NetName=DATA Pin=U1-5
Change Net Name : Old Net Name=DATA New Net Name=VCC
Added Pin To Net: NetName=DATA Pin=HD1-11
Added Pin To Net: NetName=DATA Pin=IC1-14
Added Net: Name=DATA
Added Pin To Net: NetName=GND Pin=Battery-2
Added Pin To Net: NetName=GND Pin=BR1-4
Added Pin To Net: NetName=GND Pin=BT1-2
Added Pin To Net: NetName=GND Pin=BT1-2
Added Pin To Net: NetName=GND Pin=BT2-2
Added Pin To Net: NetName=GND Pin=BT2-2
Added Pin To Net: NetName=GND Pin=BT3-2
Added Pin To Net: NetName=GND Pin=BT3-2
Added Pin To Net: NetName=GND Pin=C1-2
Added Pin To Net: NetName=GND Pin=C2-2
Added Pin To Net: NetName=GND Pin=D1-1
Added Pin To Net: NetName=GND Pin=HD2-7
Added Pin To Net: NetName=GND Pin=HD2-9
Added Pin To Net: NetName=GND Pin=HD2-11
Added Pin To Net: NetName=GND Pin=IC1-8
Added Pin To Net: NetName=GND Pin=IC1-13
Added Pin To Net: NetName=GND Pin=IC2-8
Added Pin To Net: NetName=GND Pin=IC2-13
Added Pin To Net: NetName=GND Pin=IC3-8
Added Pin To Net: NetName=GND Pin=IC3-13
Added Pin To Net: NetName=GND Pin=IC4-8
Added Pin To Net: NetName=GND Pin=IC4-13
Added Pin To Net: NetName=GND Pin=IC5-8
Added Pin To Net: NetName=GND Pin=IC5-13
Added Pin To Net: NetName=GND Pin=IC6-8
Added Pin To Net: NetName=GND Pin=IC6-13
Added Pin To Net: NetName=GND Pin=IC7-4
Added Pin To Net: NetName=GND Pin=LED1-2
Added Pin To Net: NetName=GND Pin=P1-3
Added Pin To Net: NetName=GND Pin=U1-3
Added Pin To Net: NetName=GND Pin=U1-5
Added Net: Name=GND
Added Pin To Net: NetName=LAT Pin=HD1-15
Added Pin To Net: NetName=LAT Pin=IC1-12
Added Pin To Net: NetName=LAT Pin=IC2-12
Added Pin To Net: NetName=LAT Pin=IC3-12
Added Pin To Net: NetName=LAT Pin=IC4-12
Added Pin To Net: NetName=LAT Pin=IC5-12
Added Pin To Net: NetName=LAT Pin=IC6-12
Added Net: Name=LAT
Added Pin To Net: NetName=NetIC1_9 Pin=IC1-9
Added Pin To Net: NetName=NetIC1_9 Pin=IC4-14
Added Net: Name=NetIC1_9
Added Pin To Net: NetName=SCK Pin=HD1-13
Added Pin To Net: NetName=SCK Pin=IC1-11
Added Pin To Net: NetName=SCK Pin=IC2-11
Added Pin To Net: NetName=SCK Pin=IC3-11
Added Pin To Net: NetName=SCK Pin=IC4-11
Added Pin To Net: NetName=SCK Pin=IC5-11
Added Pin To Net: NetName=SCK Pin=IC6-11
Added Net: Name=SCK
Added Room: Name=Sheet1
